You have triggered an unhandledRejection, you may have forgotten to catch a Promise rejection:
Error [ERR_UNSUPPORTED_ESM_URL_SCHEME]: Only file and data URLs are supported by the default ESM loader. On Windows, absolute paths must be valid file:// URLs. Received protocol 'c:'
    at new NodeError (node:internal/errors:371:5)
    at throwIfUnsupportedURLProtocol (node:internal/modules/esm/resolve:1033:11)
    at defaultResolve (node:internal/modules/esm/resolve:1103:3)
    at ESMLoader.resolve (node:internal/modules/esm/loader:530:30)
    at ESMLoader.getModuleJob (node:internal/modules/esm/loader:251:18)
    at ESMLoader.import (node:internal/modules/esm/loader:332:22)
    at importModuleDynamically (node:internal/modules/cjs/loader:1042:29)
    at importModuleDynamicallyWrapper (node:internal/vm/module:437:21)
    at importModuleDynamically (node:vm:381:46)
    at importModuleDynamicallyCallback (node:internal/process/esm_loader:35:14)
You have triggered an unhandledRejection, you may have forgotten to catch a Promise rejection:
Error [ERR_UNSUPPORTED_ESM_URL_SCHEME]: Only file and data URLs are supported by the default ESM loader. On Windows, absolute paths must be valid file:// URLs. Received protocol 'c:'
    at new NodeError (node:internal/errors:371:5)
    at throwIfUnsupportedURLProtocol (node:internal/modules/esm/resolve:1033:11)
    at defaultResolve (node:internal/modules/esm/resolve:1103:3)
    at ESMLoader.resolve (node:internal/modules/esm/loader:530:30)
    at ESMLoader.getModuleJob (node:internal/modules/esm/loader:251:18)
    at ESMLoader.import (node:internal/modules/esm/loader:332:22)
    at importModuleDynamically (node:internal/modules/cjs/loader:1042:29)
    at importModuleDynamicallyWrapper (node:internal/vm/module:437:21)
    at importModuleDynamically (node:vm:381:46)
    at importModuleDynamicallyCallback (node:internal/process/esm_loader:35:14)
You have triggered an unhandledRejection, you may have forgotten to catch a Promise rejection:
Error [ERR_UNSUPPORTED_ESM_URL_SCHEME]: Only file and data URLs are supported by the default ESM loader. On Windows, absolute paths must be valid file:// URLs. Received protocol 'c:'
    at new NodeError (node:internal/errors:371:5)
    at throwIfUnsupportedURLProtocol (node:internal/modules/esm/resolve:1033:11)
    at defaultResolve (node:internal/modules/esm/resolve:1103:3)
    at ESMLoader.resolve (node:internal/modules/esm/loader:530:30)
    at ESMLoader.getModuleJob (node:internal/modules/esm/loader:251:18)
    at ESMLoader.import (node:internal/modules/esm/loader:332:22)
    at importModuleDynamically (node:internal/modules/cjs/loader:1042:29)
    at importModuleDynamicallyWrapper (node:internal/vm/module:437:21)
    at importModuleDynamically (node:vm:381:46)
    at importModuleDynamicallyCallback (node:internal/process/esm_loader:35:14)
You have triggered an unhandledRejection, you may have forgotten to catch a Promise rejection:
Error [ERR_UNSUPPORTED_ESM_URL_SCHEME]: Only file and data URLs are supported by the default ESM loader. On Windows, absolute paths must be valid file:// URLs. Received protocol 'c:'
    at new NodeError (node:internal/errors:371:5)
    at throwIfUnsupportedURLProtocol (node:internal/modules/esm/resolve:1033:11)
    at defaultResolve (node:internal/modules/esm/resolve:1103:3)
    at ESMLoader.resolve (node:internal/modules/esm/loader:530:30)
    at ESMLoader.getModuleJob (node:internal/modules/esm/loader:251:18)
    at ESMLoader.import (node:internal/modules/esm/loader:332:22)
    at importModuleDynamically (node:internal/modules/cjs/loader:1042:29)
    at importModuleDynamicallyWrapper (node:internal/vm/module:437:21)
    at importModuleDynamically (node:vm:381:46)
    at importModuleDynamicallyCallback (node:internal/process/esm_loader:35:14)
You have triggered an unhandledRejection, you may have forgotten to catch a Promise rejection:
Error [ERR_UNSUPPORTED_ESM_URL_SCHEME]: Only file and data URLs are supported by the default ESM loader. On Windows, absolute paths must be valid file:// URLs. Received protocol 'c:'
    at new NodeError (node:internal/errors:371:5)
    at throwIfUnsupportedURLProtocol (node:internal/modules/esm/resolve:1033:11)
    at defaultResolve (node:internal/modules/esm/resolve:1103:3)
    at ESMLoader.resolve (node:internal/modules/esm/loader:530:30)
    at ESMLoader.getModuleJob (node:internal/modules/esm/loader:251:18)
    at ESMLoader.import (node:internal/modules/esm/loader:332:22)
    at importModuleDynamically (node:internal/modules/cjs/loader:1042:29)
    at importModuleDynamicallyWrapper (node:internal/vm/module:437:21)
    at importModuleDynamically (node:vm:381:46)
    at importModuleDynamicallyCallback (node:internal/process/esm_loader:35:14)
You have triggered an unhandledRejection, you may have forgotten to catch a Promise rejection:
Error [ERR_UNSUPPORTED_ESM_URL_SCHEME]: Only file and data URLs are supported by the default ESM loader. On Windows, absolute paths must be valid file:// URLs. Received protocol 'c:'
    at new NodeError (node:internal/errors:371:5)
    at throwIfUnsupportedURLProtocol (node:internal/modules/esm/resolve:1033:11)
    at defaultResolve (node:internal/modules/esm/resolve:1103:3)
    at ESMLoader.resolve (node:internal/modules/esm/loader:530:30)
    at ESMLoader.getModuleJob (node:internal/modules/esm/loader:251:18)
    at ESMLoader.import (node:internal/modules/esm/loader:332:22)
    at importModuleDynamically (node:internal/modules/cjs/loader:1042:29)
    at importModuleDynamicallyWrapper (node:internal/vm/module:437:21)
    at importModuleDynamically (node:vm:381:46)
    at importModuleDynamicallyCallback (node:internal/process/esm_loader:35:14)
You have triggered an unhandledRejection, you may have forgotten to catch a Promise rejection:
Error [ERR_UNSUPPORTED_ESM_URL_SCHEME]: Only file and data URLs are supported by the default ESM loader. On Windows, absolute paths must be valid file:// URLs. Received protocol 'c:'
    at new NodeError (node:internal/errors:371:5)
    at throwIfUnsupportedURLProtocol (node:internal/modules/esm/resolve:1033:11)
    at defaultResolve (node:internal/modules/esm/resolve:1103:3)
    at ESMLoader.resolve (node:internal/modules/esm/loader:530:30)
    at ESMLoader.getModuleJob (node:internal/modules/esm/loader:251:18)
    at ESMLoader.import (node:internal/modules/esm/loader:332:22)
    at importModuleDynamically (node:internal/modules/cjs/loader:1042:29)
    at importModuleDynamicallyWrapper (node:internal/vm/module:437:21)
    at importModuleDynamically (node:vm:381:46)
    at importModuleDynamicallyCallback (node:internal/process/esm_loader:35:14)
